[LiquidEngine] Attempting to include: cta-estimate.html
[LiquidEngine] Rendering include: cta-estimate.html
[Jekyll::Site] Writing output to: /workspace/Tillerstead-main/_site/blog/nj-tile-bath-consultation-guide/index.html
[Jekyll::Site] Final output for index.html:


  
  
  
  
  
  
  
    
  
  

  
    
    
    
      Your First Tile/Bath Consultation in NJ: What to Expect & How to Prep

      
      
        
          November 2, 2025
        

        

        
      

      
      

      
      
        A simple 15-minute prep guide for South Jersey homeowners—photos to take, measurements to grab, and how Tillerstead builds a clean, fair proposal for tile and bathroom projects.
      
    

    
    
      If you’ve never hired a property maintenance or remodeling contractor in New Jersey, the first consult can feel like a mystery. The goal with Tillerstead LLC is simple: a calm walkthrough, clear expectations, and a proposal that reflects your real space—not guesswork.
This guide shows you how to prep in about 15 minutes so your consultation (in Atlantic County or anywhere in South
...
[LiquidEngine] Attempting to include: cta-estimate.html
[LiquidEngine] Rendering include: cta-estimate.html
[Jekyll::Site] Writing output to: /workspace/Tillerstead-main/_site/blog/home-depot-shower-systems-picks/index.html
[Jekyll::Site] Final output for index.html:


  
  
  
  
  
  
  
    
  
  

  
    
    
    
      Home Depot Picks: Good–Better–Best Shower Systems (and How Pros Use Them Right)

      
      
        
          November 5, 2025
        

        

        
      

      
      

      
      
        South Jersey homeowners: learn which waterproofing systems from Home Depot actually hold up—RedGard, Schluter® KERDI, and GoBoard—and how Tillerstead installs them to last.
      
    

    
    
      You can buy a lot of what you need for a solid, watertight shower at Home Depot—if you know what you’re looking at. The key is combining store-bought systems with professional prep and methods that meet manufacturer specs and TCNA standards. That’s how Tillerstead LLC builds lasting showers across Atlantic County and South Jers
...
[LiquidEngine] Attempting to include: cta-estimate.html
[LiquidEngine] Rendering include: cta-estimate.html
[Jekyll::Site] Writing output to: /workspace/Tillerstead-main/_site/blog/large-format-tile-flatness-mortars-trowels/index.html
[Jekyll::Site] Final output for index.html:


  
  
  
  
  
  
  
    
  
  

  
    
    
    
      Large-Format Tile Done Right: Flatness, Mortars, & Trowels

      
      
        
          November 9, 2025
        

        

        
      

      
      

      
      
        Installing large-format tile in South Jersey? Here’s how Tillerstead ensures flat substrates, the right mortar choice, and consistent coverage for floors and walls that stay beautiful.
      
    

    
    
      Large-format tile (anything 15″ and larger on any side) delivers that modern, seamless look homeowners love—but it only performs when the prep and materials meet industry standards.
At Tillerstead LLC, we follow TCNA and ANSI A108/A118 guidelines for flatness, bonding, and coverage—so your large-format floors and walls stay flat, tight, a
...
[LiquidEngine] Attempting to include: cta-estimate.html
[LiquidEngine] Rendering include: cta-estimate.html
[Jekyll::Site] Writing output to: /workspace/Tillerstead-main/_site/blog/waterproofing-redgard-vs-kerdi-vs-hydroban/index.html
[Jekyll::Site] Final output for index.html:


  
  
  
  
  
  
  
    
  
  

  
    
    
    
      Waterproofing 101: RedGard® vs Schluter® KERDI vs LATICRETE® HYDRO BAN®

      
      
        
          November 9, 2025
        

        

        
      

      
      

      
      
        Compare three leading shower waterproofing systems—RedGard, KERDI, and HYDRO BAN—with their pros, pitfalls, and how Tillerstead installs them to spec under NJ code and TCNA standards.
      
    

    
    
      Even the best tile work will fail if the waterproofing system beneath it isn’t installed exactly to manufacturer spec. At Tillerstead LLC, we build every shower in line with ANSI A118.10 (waterproof membranes), A118.12 (crack isolation), and the TCNA Handbook (details B422, B421, B415, etc.), so you know your system isn’t
...
[LiquidEngine] Attempting to include: head.html
[LiquidEngine] Rendering include: head.html
[LiquidEngine] Attempting to include: ts-icon-sprite.html
[LiquidEngine] Rendering include: ts-icon-sprite.html
[LiquidEngine] Rendered head.html output:


















  








  



  





















  












  
  




















  














  
    
    
  
  
    
    
  
  
    
    
  
  
    
  
  
    
    
    
    
  
  
    
    
  
  
    
    
  
  
    
    
  
  
    
  


[LiquidEngine] Attempting to include: logo-sprite-inline.html
[LiquidEngine] Rendering include: logo-sprite-inline.html
[LiquidEngine] Attempting to include: header.html
[LiquidEngine] Rendering include: header.html
[LiquidEngine] Attempting to include: logo-main.html
[LiquidEngine] Rendering include: logo-main.html
[LiquidEngine] Attempting to include: social-links.html
[LiquidEngine] Rendering include: social-links.html
[LiquidEngine] Attempting to include: social-links.html
[LiquidEngine] Rendering include: social-links.html
[LiquidEngine] Attempting to include: ts-breadcrumbs.html
[LiquidEngine] Rendering include: ts-breadcrumbs.html
[LiquidEngine] Attempting to include: page-hero.html
[LiquidEngine] Rendering include: page-hero.html
[LiquidEngine] Attempting to include: unified-hero.html
[LiquidEngine] Rendering include: unified-hero.html
[LiquidEngine] Attempting to include: footer.html
[LiquidEngine] Rendering include: footer.html
[LiquidEngine] Attempting to include: logo-main.html
[LiquidEngine] Rendering include: logo-main.html
[LiquidEngine] Attempting to include: social-links.html
[LiquidEngine] Rendering include: social-links.html
[LiquidEngine] Attempting to include: compliance-footer.html
[LiquidEngine] Rendering include: compliance-footer.html
[LiquidEngine] Attempting to include: compliance.html
[LiquidEngine] Rendering include: compliance.html
[LiquidEngine] Attempting to include: scripts.html
[LiquidEngine] Rendering include: scripts.html
[LiquidEngine] Attempting to include: schema-local-business.html
[LiquidEngine] Rendering include: schema-local-business.html
[Jekyll::Site] Writing output to: /workspace/Tillerstead-main/_site/404/index.html
[Jekyll::Site] Final output for index.html:


  
    
      
        Page Not Found | Professional Tile & Stone Installation in South Jersey
      
    
    

















  








  



  





<link rel=
...
[LiquidEngine] Attempting to include: ts-services.html
[LiquidEngine] Rendering include: ts-services.html
[LiquidEngine] Attempting to include: ts-process.html
[LiquidEngine] Rendering include: ts-process.html
[LiquidEngine] Attempting to include: ts-deliver.html
[LiquidEngine] Rendering include: ts-deliver.html
[LiquidEngine] Attempting to include: ts-icon.html
[LiquidEngine] Rendering include: ts-icon.html
[LiquidEngine] Attempting to include: ts-icon.html
[LiquidEngine] Rendering include: ts-icon.html
[LiquidEngine] Attempting to include: ts-icon.html
[LiquidEngine] Rendering include: ts-icon.html
[LiquidEngine] Attempting to include: ts-icon.html
[LiquidEngine] Rendering include: ts-icon.html
[LiquidEngine] Attempting to include: ts-icon.html
[LiquidEngine] Rendering include: ts-icon.html
[LiquidEngine] Attempting to include: ts-icon.html
[LiquidEngine] Rendering include: ts-icon.html
[LiquidEngine] Attempting to include: ts-assurance.html
[LiquidEngine] Rendering include: ts-assurance.html
[LiquidEngine] Attempting to include: reviews-highlights.html
[LiquidEngine] Rendering include: reviews-highlights.html
[LiquidEngine] Attempting to include: blog-highlights.html
[LiquidEngine] Rendering include: blog-highlights.html
[LiquidEngine] Attempting to include: ts-services.html
[LiquidEngine] Rendering include: ts-services.html
[LiquidEngine] Attempting to include: ts-plans.html
[LiquidEngine] Rendering include: ts-plans.html
[LiquidEngine] Attempting to include: ts-icon.html
[LiquidEngine] Rendering include: ts-icon.html
[LiquidEngine] Attempting to include: ts-icon.html
[LiquidEngine] Rendering include: ts-icon.html
[LiquidEngine] Attempting to include: ts-icon.html
[LiquidEngine] Rendering include: ts-icon.html
[LiquidEngine] Attempting to include: ts-process.html
[LiquidEngine] Rendering include: ts-process.html
[LiquidEngine] Attempting to include: ts-deliver.html
[LiquidEngine] Rendering include: ts-deliver.html
[LiquidEngine] Attempting to include: ts-icon.html
[LiquidEngine] Rendering include: ts-icon.html
[LiquidEngine] Attempting to include: ts-icon.html
[LiquidEngine] Rendering include: ts-icon.html
[LiquidEngine] Attempting to include: ts-icon.html
[LiquidEngine] Rendering include: ts-icon.html
[LiquidEngine] Attempting to include: ts-icon.html
[LiquidEngine] Rendering include: ts-icon.html
[LiquidEngine] Attempting to include: ts-icon.html
[LiquidEngine] Rendering include: ts-icon.html
[LiquidEngine] Attempting to include: ts-icon.html
[LiquidEngine] Rendering include: ts-icon.html
[LiquidEngine] Attempting to include: ts-assurance.html
[LiquidEngine] Rendering include: ts-assurance.html
[LiquidEngine] Attempting to include: portfolio-highlights.html
[LiquidEngine] Rendering include: portfolio-highlights.html
[LiquidEngine] Attempting to include: reviews-highlights.html
[LiquidEngine] Rendering include: reviews-highlights.html
[LiquidEngine] Attempting to include: blog-highlights.html
[LiquidEngine] Rendering include: blog-highlights.html
[LiquidEngine] Attempting to include: ts-contact.html
[LiquidEngine] Rendering include: ts-contact.html
[LiquidEngine] Attempting to include: head.html
[LiquidEngine] Rendering include: head.html
[LiquidEngine] Attempting to include: ts-icon-sprite.html
[LiquidEngine] Rendering include: ts-icon-sprite.html
[LiquidEngine] Rendered head.html output:


















  








  



  





















  












  
  




















  














  
    
    
  
  
    
    
  
  
    
    
  
  
    
  
  
    
    
    
    
  
  
    
    
  
  
    
    
  
  
    
    
  
  
    
  


[LiquidEngine] Attempting to include: logo-sprite-inline.html
[LiquidEngine] Rendering include: logo-sprite-inline.html
[LiquidEngine] Attempting to include: header.html
[LiquidEngine] Rendering include: header.html
[LiquidEngine] Attempting to include: logo-main.html
[LiquidEngine] Rendering include: logo-main.html
[LiquidEngine] Attempting to include: social-links.html
[LiquidEngine] Rendering include: social-links.html
[LiquidEngine] Attempting to include: social-links.html
[LiquidEngine] Rendering include: social-links.html
[LiquidEngine] Attempting to include: page-hero.html
[LiquidEngine] Rendering include: page-hero.html
[LiquidEngine] Attempting to include: unified-hero-home.html
[LiquidEngine] Rendering include: unified-hero-home.html
[LiquidEngine] Attempting to include: logo-main.html
[LiquidEngine] Rendering include: logo-main.html
[LiquidEngine] Attempting to include: footer.html
[LiquidEngine] Rendering include: footer.html
[LiquidEngine] Attempting to include: logo-main.html
[LiquidEngine] Rendering include: logo-main.html
[LiquidEngine] Attempting to include: social-links.html
[LiquidEngine] Rendering include: social-links.html
[LiquidEngine] Attempting to include: compliance-footer.html
[LiquidEngine] Rendering include: compliance-footer.html
[LiquidEngine] Attempting to include: compliance.html
[LiquidEngine] Rendering include: compliance.html
[LiquidEngine] Attempting to include: scripts.html
[LiquidEngine] Rendering include: scripts.html
[LiquidEngine] Attempting to include: schema-local-business.html
[LiquidEngine] Rendering include: schema-local-business.html
[Jekyll::Site] Writing output to: /workspace/Tillerstead-main/_site/index.html
[Jekyll::Site] Final output for index.html:


  
    
      
        Tillerstead LLC | Tile Showers & Waterproof Floors in South Jersey | Professional Tile & Stone Installation in South Jersey
      
    
    

















  








  



  




<meta name="theme-color" conten
...
[LiquidEngine] Attempting to include: head.html
[LiquidEngine] Rendering include: head.html
[LiquidEngine] Attempting to include: ts-icon-sprite.html
[LiquidEngine] Rendering include: ts-icon-sprite.html
[LiquidEngine] Rendered head.html output:


















  








  



  





















  












  
  




















  














  
    
    
  
  
    
    
  
  
    
    
  
  
    
  
  
    
    
    
    
  
  
    
    
  
  
    
    
  
  
    
    
  
  
    
  


[LiquidEngine] Attempting to include: logo-sprite-inline.html
[LiquidEngine] Rendering include: logo-sprite-inline.html
[LiquidEngine] Attempting to include: header.html
[LiquidEngine] Rendering include: header.html
[LiquidEngine] Attempting to include: logo-main.html
[LiquidEngine] Rendering include: logo-main.html
[LiquidEngine] Attempting to include: social-links.html
[LiquidEngine] Rendering include: social-links.html
[LiquidEngine] Attempting to include: social-links.html
[LiquidEngine] Rendering include: social-links.html
[LiquidEngine] Attempting to include: ts-breadcrumbs.html
[LiquidEngine] Rendering include: ts-breadcrumbs.html
[LiquidEngine] Attempting to include: page-hero.html
[LiquidEngine] Rendering include: page-hero.html
[LiquidEngine] Attempting to include: unified-hero.html
[LiquidEngine] Rendering include: unified-hero.html
[LiquidEngine] Attempting to include: footer.html
[LiquidEngine] Rendering include: footer.html
[LiquidEngine] Attempting to include: logo-main.html
[LiquidEngine] Rendering include: logo-main.html
[LiquidEngine] Attempting to include: social-links.html
[LiquidEngine] Rendering include: social-links.html
[LiquidEngine] Attempting to include: compliance-footer.html
[LiquidEngine] Rendering include: compliance-footer.html
[LiquidEngine] Attempting to include: compliance.html
[LiquidEngine] Rendering include: compliance.html
[LiquidEngine] Attempting to include: scripts.html
[LiquidEngine] Rendering include: scripts.html
[LiquidEngine] Attempting to include: schema-local-business.html
[LiquidEngine] Rendering include: schema-local-business.html
[Jekyll::Site] Writing output to: /workspace/Tillerstead-main/_site/about/index.html
[Jekyll::Site] Final output for index.html:


  
    
      
        About Tillerstead LLC | Property Maintenance & Remodeling | Professional Tile & Stone Installation in South Jersey
      
    
    

















  








  



  





<link rel="icon" href="/asse
...
[LiquidEngine] Attempting to include: head.html
[LiquidEngine] Rendering include: head.html
[LiquidEngine] Attempting to include: ts-icon-sprite.html
[LiquidEngine] Rendering include: ts-icon-sprite.html
[LiquidEngine] Rendered head.html output:


















  








  



  





















  












  
  




















  














  
    
    
  
  
    
    
  
  
    
    
  
  
    
  
  
    
    
    
    
  
  
    
    
  
  
    
    
  
  
    
    
  
  
    
  


[LiquidEngine] Attempting to include: logo-sprite-inline.html
[LiquidEngine] Rendering include: logo-sprite-inline.html
[LiquidEngine] Attempting to include: header.html
[LiquidEngine] Rendering include: header.html
[LiquidEngine] Attempting to include: logo-main.html
[LiquidEngine] Rendering include: logo-main.html
[LiquidEngine] Attempting to include: social-links.html
[LiquidEngine] Rendering include: social-links.html
[LiquidEngine] Attempting to include: social-links.html
[LiquidEngine] Rendering include: social-links.html
[LiquidEngine] Attempting to include: ts-breadcrumbs.html
[LiquidEngine] Rendering include: ts-breadcrumbs.html
[LiquidEngine] Attempting to include: page-hero.html
[LiquidEngine] Rendering include: page-hero.html
[LiquidEngine] Attempting to include: unified-hero.html
[LiquidEngine] Rendering include: unified-hero.html
[LiquidEngine] Attempting to include: footer.html
[LiquidEngine] Rendering include: footer.html
[LiquidEngine] Attempting to include: logo-main.html
[LiquidEngine] Rendering include: logo-main.html
[LiquidEngine] Attempting to include: social-links.html
[LiquidEngine] Rendering include: social-links.html
[LiquidEngine] Attempting to include: compliance-footer.html
[LiquidEngine] Rendering include: compliance-footer.html
[LiquidEngine] Attempting to include: compliance.html
[LiquidEngine] Rendering include: compliance.html
[LiquidEngine] Attempting to include: scripts.html
[LiquidEngine] Rendering include: scripts.html
[LiquidEngine] Attempting to include: schema-local-business.html
[LiquidEngine] Rendering include: schema-local-business.html
[LiquidEngine] Attempting to include: schema-faq.html
[LiquidEngine] Rendering include: schema-faq.html
[Jekyll::Site] Writing output to: /workspace/Tillerstead-main/_site/atlantic-county-nj/index.html
[Jekyll::Site] Final output for index.html:


  
    
      
        Tile Installation & Bathroom Remodeling in Atlantic County NJ | Professional Tile & Stone Installation in South Jersey
      
    
    

















  








  



  




<meta name="t
...
[LiquidEngine] Attempting to include: head.html
[LiquidEngine] Rendering include: head.html
[LiquidEngine] Attempting to include: ts-icon-sprite.html
[LiquidEngine] Rendering include: ts-icon-sprite.html
[LiquidEngine] Rendered head.html output:


















  








  



  





















  












  
  




















  














  
    
    
  
  
    
    
  
  
    
    
  
  
    
  
  
    
    
    
    
  
  
    
    
  
  
    
    
  
  
    
    
  
  
    
  


[LiquidEngine] Attempting to include: logo-sprite-inline.html
[LiquidEngine] Rendering include: logo-sprite-inline.html
[LiquidEngine] Attempting to include: header.html
[LiquidEngine] Rendering include: header.html
[LiquidEngine] Attempting to include: logo-main.html
[LiquidEngine] Rendering include: logo-main.html
[LiquidEngine] Attempting to include: social-links.html
[LiquidEngine] Rendering include: social-links.html
[LiquidEngine] Attempting to include: social-links.html
[LiquidEngine] Rendering include: social-links.html
[LiquidEngine] Attempting to include: ts-breadcrumbs.html
[LiquidEngine] Rendering include: ts-breadcrumbs.html
[LiquidEngine] Attempting to include: page-hero.html
[LiquidEngine] Rendering include: page-hero.html
[LiquidEngine] Attempting to include: unified-hero.html
[LiquidEngine] Rendering include: unified-hero.html
[LiquidEngine] Attempting to include: footer.html
[LiquidEngine] Rendering include: footer.html
[LiquidEngine] Attempting to include: logo-main.html
[LiquidEngine] Rendering include: logo-main.html
[LiquidEngine] Attempting to include: social-links.html
[LiquidEngine] Rendering include: social-links.html
[LiquidEngine] Attempting to include: compliance-footer.html
[LiquidEngine] Rendering include: compliance-footer.html
[LiquidEngine] Attempting to include: compliance.html
[LiquidEngine] Rendering include: compliance.html
[LiquidEngine] Attempting to include: scripts.html
[LiquidEngine] Rendering include: scripts.html
[LiquidEngine] Attempting to include: schema-local-business.html
[LiquidEngine] Rendering include: schema-local-business.html
[Jekyll::Site] Writing output to: /workspace/Tillerstead-main/_site/blog/index.html
[Jekyll::Site] Final output for index.html:


  
    
      
        Tillerstead Blog | Tile, Bath & Remodel Notes | Professional Tile & Stone Installation in South Jersey
      
    
    

















  








  



  





<link rel="icon" href="/assets/img/logo/till
...
[LiquidEngine] Attempting to include: head.html
[LiquidEngine] Rendering include: head.html
[LiquidEngine] Attempting to include: ts-icon-sprite.html
[LiquidEngine] Rendering include: ts-icon-sprite.html
[LiquidEngine] Rendered head.html output:


















  








  



  





















  












  
  




















  














  
    
    
  
  
    
    
  
  
    
    
  
  
    
  
  
    
    
    
    
  
  
    
    
  
  
    
    
  
  
    
    
  
  
    
  


[LiquidEngine] Attempting to include: logo-sprite-inline.html
[LiquidEngine] Rendering include: logo-sprite-inline.html
[LiquidEngine] Attempting to include: header.html
[LiquidEngine] Rendering include: header.html
[LiquidEngine] Attempting to include: logo-main.html
[LiquidEngine] Rendering include: logo-main.html
[LiquidEngine] Attempting to include: social-links.html
[LiquidEngine] Rendering include: social-links.html
[LiquidEngine] Attempting to include: social-links.html
[LiquidEngine] Rendering include: social-links.html
[LiquidEngine] Attempting to include: ts-breadcrumbs.html
[LiquidEngine] Rendering include: ts-breadcrumbs.html
[LiquidEngine] Attempting to include: page-hero.html
[LiquidEngine] Rendering include: page-hero.html
[LiquidEngine] Attempting to include: unified-hero.html
[LiquidEngine] Rendering include: unified-hero.html
[LiquidEngine] Attempting to include: footer.html
[LiquidEngine] Rendering include: footer.html
[LiquidEngine] Attempting to include: logo-main.html
[LiquidEngine] Rendering include: logo-main.html
[LiquidEngine] Attempting to include: social-links.html
[LiquidEngine] Rendering include: social-links.html
[LiquidEngine] Attempting to include: compliance-footer.html
[LiquidEngine] Rendering include: compliance-footer.html
[LiquidEngine] Attempting to include: compliance.html
[LiquidEngine] Rendering include: compliance.html
[LiquidEngine] Attempting to include: scripts.html
[LiquidEngine] Rendering include: scripts.html
[LiquidEngine] Attempting to include: schema-local-business.html
[LiquidEngine] Rendering include: schema-local-business.html
[LiquidEngine] Attempting to include: schema-faq.html
[LiquidEngine] Rendering include: schema-faq.html
[Jekyll::Site] Writing output to: /workspace/Tillerstead-main/_site/cape-may-county-nj/index.html
[Jekyll::Site] Final output for index.html:


  
    
      
        Tile Installation & Remodeling in Cape May County NJ | Professional Tile & Stone Installation in South Jersey
      
    
    

















  








  



  




<meta name="theme-color" content="#ffffff" media="(
...
[LiquidEngine] Attempting to include: forms/contact-long.html
[LiquidEngine] Rendering include: forms/contact-long.html
[LiquidEngine] Attempting to include: head.html
[LiquidEngine] Rendering include: head.html
[LiquidEngine] Attempting to include: ts-icon-sprite.html
[LiquidEngine] Rendering include: ts-icon-sprite.html
[LiquidEngine] Rendered head.html output:


















  








  



  





















  












  
  




















  














  
    
    
  
  
    
    
  
  
    
    
  
  
    
  
  
    
    
    
    
  
  
    
    
  
  
    
    
  
  
    
    
  
  
    
  


[LiquidEngine] Attempting to include: logo-sprite-inline.html
[LiquidEngine] Rendering include: logo-sprite-inline.html
[LiquidEngine] Attempting to include: header.html
[LiquidEngine] Rendering include: header.html
[LiquidEngine] Attempting to include: logo-main.html
[LiquidEngine] Rendering include: logo-main.html
[LiquidEngine] Attempting to include: social-links.html
[LiquidEngine] Rendering include: social-links.html
[LiquidEngine] Attempting to include: social-links.html
[LiquidEngine] Rendering include: social-links.html
[LiquidEngine] Attempting to include: ts-breadcrumbs.html
[LiquidEngine] Rendering include: ts-breadcrumbs.html
[LiquidEngine] Attempting to include: page-hero.html
[LiquidEngine] Rendering include: page-hero.html
[LiquidEngine] Attempting to include: unified-hero.html
[LiquidEngine] Rendering include: unified-hero.html
[LiquidEngine] Attempting to include: footer.html
[LiquidEngine] Rendering include: footer.html
[LiquidEngine] Attempting to include: logo-main.html
[LiquidEngine] Rendering include: logo-main.html
[LiquidEngine] Attempting to include: social-links.html
[LiquidEngine] Rendering include: social-links.html
[LiquidEngine] Attempting to include: compliance-footer.html
[LiquidEngine] Rendering include: compliance-footer.html
[LiquidEngine] Attempting to include: compliance.html
[LiquidEngine] Rendering include: compliance.html
[LiquidEngine] Attempting to include: scripts.html
[LiquidEngine] Rendering include: scripts.html
[LiquidEngine] Attempting to include: schema-local-business.html
[LiquidEngine] Rendering include: schema-local-business.html
[Jekyll::Site] Writing output to: /workspace/Tillerstead-main/_site/contact/index.html
[Jekyll::Site] Final output for index.html:


  
    
      
        Tillerstead LLC | Professional Tile & Stone Installation in South Jersey
      
    
    

















  








  



  





<link rel="icon" href="/assets/img/logo/til
...
[LiquidEngine] Attempting to include: pattern-showcase.html
[LiquidEngine] Rendering include: pattern-showcase.html
[LiquidEngine] Attempting to include: head.html
[LiquidEngine] Rendering include: head.html
[LiquidEngine] Attempting to include: ts-icon-sprite.html
[LiquidEngine] Rendering include: ts-icon-sprite.html
[LiquidEngine] Rendered head.html output:


















  








  



  





















  












  
  




















  














  
    
    
  
  
    
    
  
  
    
    
  
  
    
  
  
    
    
    
    
  
  
    
    
  
  
    
    
  
  
    
    
  
  
    
  


[LiquidEngine] Attempting to include: logo-sprite-inline.html
[LiquidEngine] Rendering include: logo-sprite-inline.html
[LiquidEngine] Attempting to include: header.html
[LiquidEngine] Rendering include: header.html
[LiquidEngine] Attempting to include: logo-main.html
[LiquidEngine] Rendering include: logo-main.html
[LiquidEngine] Attempting to include: social-links.html
[LiquidEngine] Rendering include: social-links.html
[LiquidEngine] Attempting to include: social-links.html
[LiquidEngine] Rendering include: social-links.html
[LiquidEngine] Attempting to include: ts-breadcrumbs.html
[LiquidEngine] Rendering include: ts-breadcrumbs.html
[LiquidEngine] Attempting to include: page-hero.html
[LiquidEngine] Rendering include: page-hero.html
[LiquidEngine] Attempting to include: unified-hero.html
[LiquidEngine] Rendering include: unified-hero.html
[LiquidEngine] Attempting to include: footer.html
[LiquidEngine] Rendering include: footer.html
[LiquidEngine] Attempting to include: logo-main.html
[LiquidEngine] Rendering include: logo-main.html
[LiquidEngine] Attempting to include: social-links.html
[LiquidEngine] Rendering include: social-links.html
[LiquidEngine] Attempting to include: compliance-footer.html
[LiquidEngine] Rendering include: compliance-footer.html
[LiquidEngine] Attempting to include: compliance.html
[LiquidEngine] Rendering include: compliance.html
[LiquidEngine] Attempting to include: scripts.html
[LiquidEngine] Rendering include: scripts.html
[LiquidEngine] Attempting to include: schema-local-business.html
[LiquidEngine] Rendering include: schema-local-business.html
[Jekyll::Site] Writing output to: /workspace/Tillerstead-main/_site/design-showcase/index.html
[Jekyll::Site] Final output for index.html:


  
    
      
        Design Showcase - Sacred Tile Pattern | Tillerstead LLC
      
    
    

















  








  



  








<link rel="icon" type="image/
...
[LiquidEngine] Attempting to include: head.html
[LiquidEngine] Rendering include: head.html
[LiquidEngine] Attempting to include: ts-icon-sprite.html
[LiquidEngine] Rendering include: ts-icon-sprite.html
[LiquidEngine] Rendered head.html output:


















  








  



  





















  












  
  




















  














  
    
    
  
  
    
    
  
  
    
    
  
  
    
  
  
    
    
    
    
  
  
    
    
  
  
    
    
  
  
    
    
  
  
    
  


[LiquidEngine] Attempting to include: logo-sprite-inline.html
[LiquidEngine] Rendering include: logo-sprite-inline.html
[LiquidEngine] Attempting to include: header.html
[LiquidEngine] Rendering include: header.html
[LiquidEngine] Attempting to include: logo-main.html
[LiquidEngine] Rendering include: logo-main.html
[LiquidEngine] Attempting to include: social-links.html
[LiquidEngine] Rendering include: social-links.html
[LiquidEngine] Attempting to include: social-links.html
[LiquidEngine] Rendering include: social-links.html
[LiquidEngine] Attempting to include: ts-breadcrumbs.html
[LiquidEngine] Rendering include: ts-breadcrumbs.html
[LiquidEngine] Attempting to include: page-hero.html
[LiquidEngine] Rendering include: page-hero.html
[LiquidEngine] Attempting to include: unified-hero.html
[LiquidEngine] Rendering include: unified-hero.html
[LiquidEngine] Attempting to include: footer.html
[LiquidEngine] Rendering include: footer.html
[LiquidEngine] Attempting to include: logo-main.html
[LiquidEngine] Rendering include: logo-main.html
[LiquidEngine] Attempting to include: social-links.html
[LiquidEngine] Rendering include: social-links.html
[LiquidEngine] Attempting to include: compliance-footer.html
[LiquidEngine] Rendering include: compliance-footer.html
[LiquidEngine] Attempting to include: compliance.html
[LiquidEngine] Rendering include: compliance.html
[LiquidEngine] Attempting to include: scripts.html
[LiquidEngine] Rendering include: scripts.html
[LiquidEngine] Attempting to include: schema-local-business.html
[LiquidEngine] Rendering include: schema-local-business.html
[Jekyll::Site] Writing output to: /workspace/Tillerstead-main/_site/download/nj-tile-guide/thank-you/index.html
[Jekyll::Site] Final output for index.html:


  
    
      
        Guide Sent — Thank You | Professional Tile & Stone Installation in South Jersey
      
    
    

















  








  



  





<link rel="icon" href="/assets/img/logo/tillerstead-fa
...
[LiquidEngine] Attempting to include: head.html
[LiquidEngine] Rendering include: head.html
[LiquidEngine] Attempting to include: ts-icon-sprite.html
[LiquidEngine] Rendering include: ts-icon-sprite.html
[LiquidEngine] Rendered head.html output:


















  








  



  





















  












  
  




















  














  
    
    
  
  
    
    
  
  
    
    
  
  
    
  
  
    
    
    
    
  
  
    
    
  
  
    
    
  
  
    
    
  
  
    
  


[LiquidEngine] Attempting to include: logo-sprite-inline.html
[LiquidEngine] Rendering include: logo-sprite-inline.html
[LiquidEngine] Attempting to include: header.html
[LiquidEngine] Rendering include: header.html
[LiquidEngine] Attempting to include: logo-main.html
[LiquidEngine] Rendering include: logo-main.html
[LiquidEngine] Attempting to include: social-links.html
[LiquidEngine] Rendering include: social-links.html
[LiquidEngine] Attempting to include: social-links.html
[LiquidEngine] Rendering include: social-links.html
[LiquidEngine] Attempting to include: ts-breadcrumbs.html
[LiquidEngine] Rendering include: ts-breadcrumbs.html
[LiquidEngine] Attempting to include: page-hero.html
[LiquidEngine] Rendering include: page-hero.html
[LiquidEngine] Attempting to include: unified-hero.html
[LiquidEngine] Rendering include: unified-hero.html
[LiquidEngine] Attempting to include: footer.html
[LiquidEngine] Rendering include: footer.html
[LiquidEngine] Attempting to include: logo-main.html
[LiquidEngine] Rendering include: logo-main.html
[LiquidEngine] Attempting to include: social-links.html
[LiquidEngine] Rendering include: social-links.html
[LiquidEngine] Attempting to include: compliance-footer.html
[LiquidEngine] Rendering include: compliance-footer.html
[LiquidEngine] Attempting to include: compliance.html
[LiquidEngine] Rendering include: compliance.html
[LiquidEngine] Attempting to include: scripts.html
[LiquidEngine] Rendering include: scripts.html
[LiquidEngine] Attempting to include: schema-local-business.html
[LiquidEngine] Rendering include: schema-local-business.html
[Jekyll::Site] Writing output to: /workspace/Tillerstead-main/_site/download/nj-tile-guide/index.html
[Jekyll::Site] Final output for index.html:


  
    
      
        Download Free NJ Homeowner's Tile Installation Guide | Professional Tile & Stone Installation in South Jersey
      
    
    

















  








  



  




<meta name="theme-color" content="#ffffff" media
...
[LiquidEngine] Attempting to include: head.html
[LiquidEngine] Rendering include: head.html
[LiquidEngine] Attempting to include: ts-icon-sprite.html
[LiquidEngine] Rendering include: ts-icon-sprite.html
[LiquidEngine] Rendered head.html output:


















  








  



  





















  












  
  




















  














  
    
    
  
  
    
    
  
  
    
    
  
  
    
  
  
    
    
    
    
  
  
    
    
  
  
    
    
  
  
    
    
  
  
    
  


[LiquidEngine] Attempting to include: logo-sprite-inline.html
[LiquidEngine] Rendering include: logo-sprite-inline.html
[LiquidEngine] Attempting to include: header.html
[LiquidEngine] Rendering include: header.html
[LiquidEngine] Attempting to include: logo-main.html
[LiquidEngine] Rendering include: logo-main.html
[LiquidEngine] Attempting to include: social-links.html
[LiquidEngine] Rendering include: social-links.html
[LiquidEngine] Attempting to include: social-links.html
[LiquidEngine] Rendering include: social-links.html
[LiquidEngine] Attempting to include: ts-breadcrumbs.html
[LiquidEngine] Rendering include: ts-breadcrumbs.html
[LiquidEngine] Attempting to include: page-hero.html
[LiquidEngine] Rendering include: page-hero.html
[LiquidEngine] Attempting to include: unified-hero.html
[LiquidEngine] Rendering include: unified-hero.html
[LiquidEngine] Attempting to include: footer.html
[LiquidEngine] Rendering include: footer.html
[LiquidEngine] Attempting to include: logo-main.html
[LiquidEngine] Rendering include: logo-main.html
[LiquidEngine] Attempting to include: social-links.html
[LiquidEngine] Rendering include: social-links.html
[LiquidEngine] Attempting to include: compliance-footer.html
[LiquidEngine] Rendering include: compliance-footer.html
[LiquidEngine] Attempting to include: compliance.html
[LiquidEngine] Rendering include: compliance.html
[LiquidEngine] Attempting to include: scripts.html
[LiquidEngine] Rendering include: scripts.html
[LiquidEngine] Attempting to include: schema-local-business.html
[LiquidEngine] Rendering include: schema-local-business.html
[Jekyll::Site] Writing output to: /workspace/Tillerstead-main/_site/financing/index.html
[Jekyll::Site] Final output for index.html:


  
    
      
        Financing & Payment Options | Professional Tile & Stone Installation in South Jersey
      
    
    

















  








  



  





<link rel="icon" href="/assets/img/logo/tillerstead-favicon.svg" type="image/svg+xml" s
...
[LiquidEngine] Attempting to include: head.html
[LiquidEngine] Rendering include: head.html
[LiquidEngine] Attempting to include: ts-icon-sprite.html
[LiquidEngine] Rendering include: ts-icon-sprite.html
[LiquidEngine] Rendered head.html output:


















  








  



  





















  












  
  




















  














  
    
    
  
  
    
    
  
  
    
    
  
  
    
  
  
    
    
    
    
  
  
    
    
  
  
    
    
  
  
    
    
  
  
    
  


[LiquidEngine] Attempting to include: logo-sprite-inline.html
[LiquidEngine] Rendering include: logo-sprite-inline.html
[LiquidEngine] Attempting to include: header.html
[LiquidEngine] Rendering include: header.html
[LiquidEngine] Attempting to include: logo-main.html
[LiquidEngine] Rendering include: logo-main.html
[LiquidEngine] Attempting to include: social-links.html
[LiquidEngine] Rendering include: social-links.html
[LiquidEngine] Attempting to include: social-links.html
[LiquidEngine] Rendering include: social-links.html
[LiquidEngine] Attempting to include: ts-breadcrumbs.html
[LiquidEngine] Rendering include: ts-breadcrumbs.html
[LiquidEngine] Attempting to include: page-hero.html
[LiquidEngine] Rendering include: page-hero.html
[LiquidEngine] Attempting to include: unified-hero.html
[LiquidEngine] Rendering include: unified-hero.html
[LiquidEngine] Attempting to include: footer.html
[LiquidEngine] Rendering include: footer.html
[LiquidEngine] Attempting to include: logo-main.html
[LiquidEngine] Rendering include: logo-main.html
[LiquidEngine] Attempting to include: social-links.html
[LiquidEngine] Rendering include: social-links.html
[LiquidEngine] Attempting to include: compliance-footer.html
[LiquidEngine] Rendering include: compliance-footer.html
[LiquidEngine] Attempting to include: compliance.html
[LiquidEngine] Rendering include: compliance.html
[LiquidEngine] Attempting to include: scripts.html
[LiquidEngine] Rendering include: scripts.html
[LiquidEngine] Attempting to include: schema-local-business.html
[LiquidEngine] Rendering include: schema-local-business.html
[Jekyll::Site] Writing output to: /workspace/Tillerstead-main/_site/for-general-contractors/index.html
[Jekyll::Site] Final output for index.html:


  
    
      
        Property Maintenance & Remodeling Partner for General Contractors | Professional Tile & Stone Installation in South Jersey
      
    
    

















  








  



  







<link rel="icon" type="image/p
...
[LiquidEngine] Attempting to include: head.html
[LiquidEngine] Rendering include: head.html
[LiquidEngine] Attempting to include: ts-icon-sprite.html
[LiquidEngine] Rendering include: ts-icon-sprite.html
[LiquidEngine] Rendered head.html output:


















  








  



  





















  












  
  




















  














  
    
    
  
  
    
    
  
  
    
    
  
  
    
  
  
    
    
    
    
  
  
    
    
  
  
    
    
  
  
    
    
  
  
    
  


[LiquidEngine] Attempting to include: logo-sprite-inline.html
[LiquidEngine] Rendering include: logo-sprite-inline.html
[LiquidEngine] Attempting to include: header.html
[LiquidEngine] Rendering include: header.html
[LiquidEngine] Attempting to include: logo-main.html
[LiquidEngine] Rendering include: logo-main.html
[LiquidEngine] Attempting to include: social-links.html
[LiquidEngine] Rendering include: social-links.html
[LiquidEngine] Attempting to include: social-links.html
[LiquidEngine] Rendering include: social-links.html
[LiquidEngine] Attempting to include: ts-breadcrumbs.html
[LiquidEngine] Rendering include: ts-breadcrumbs.html
[LiquidEngine] Attempting to include: page-hero.html
[LiquidEngine] Rendering include: page-hero.html
[LiquidEngine] Attempting to include: unified-hero.html
[LiquidEngine] Rendering include: unified-hero.html
[LiquidEngine] Attempting to include: footer.html
[LiquidEngine] Rendering include: footer.html
[LiquidEngine] Attempting to include: logo-main.html
[LiquidEngine] Rendering include: logo-main.html
[LiquidEngine] Attempting to include: social-links.html
[LiquidEngine] Rendering include: social-links.html
[LiquidEngine] Attempting to include: compliance-footer.html
[LiquidEngine] Rendering include: compliance-footer.html
[LiquidEngine] Attempting to include: compliance.html
[LiquidEngine] Rendering include: compliance.html
[LiquidEngine] Attempting to include: scripts.html
[LiquidEngine] Rendering include: scripts.html
[LiquidEngine] Attempting to include: schema-local-business.html
[LiquidEngine] Rendering include: schema-local-business.html
[LiquidEngine] Attempting to include: schema-faq.html
[LiquidEngine] Rendering include: schema-faq.html
[Jekyll::Site] Writing output to: /workspace/Tillerstead-main/_site/ocean-county-nj/index.html
[Jekyll::Site] Final output for index.html:


  
    
      
        Tile Installation & Bathroom Remodeling in Ocean County NJ | Professional Tile & Stone Installation in South Jersey
      
    
    

















  








  



  




<meta name="theme-color" co
...
[LiquidEngine] Attempting to include: ts-plans.html
[LiquidEngine] Rendering include: ts-plans.html
[LiquidEngine] Attempting to include: ts-icon.html
[LiquidEngine] Rendering include: ts-icon.html
[LiquidEngine] Attempting to include: ts-icon.html
[LiquidEngine] Rendering include: ts-icon.html
[LiquidEngine] Attempting to include: ts-icon.html
[LiquidEngine] Rendering include: ts-icon.html
[LiquidEngine] Attempting to include: head.html
[LiquidEngine] Rendering include: head.html
[LiquidEngine] Attempting to include: ts-icon-sprite.html
[LiquidEngine] Rendering include: ts-icon-sprite.html
[LiquidEngine] Rendered head.html output:


















  








  



  





















  












  
  




















  














  
    
    
  
  
    
    
  
  
    
    
  
  
    
  
  
    
    
    
    
  
  
    
    
  
  
    
    
  
  
    
    
  
  
    
  


[LiquidEngine] Attempting to include: logo-sprite-inline.html
[LiquidEngine] Rendering include: logo-sprite-inline.html
[LiquidEngine] Attempting to include: header.html
[LiquidEngine] Rendering include: header.html
[LiquidEngine] Attempting to include: logo-main.html
[LiquidEngine] Rendering include: logo-main.html
[LiquidEngine] Attempting to include: social-links.html
[LiquidEngine] Rendering include: social-links.html
[LiquidEngine] Attempting to include: social-links.html
[LiquidEngine] Rendering include: social-links.html
[LiquidEngine] Attempting to include: ts-breadcrumbs.html
[LiquidEngine] Rendering include: ts-breadcrumbs.html
[LiquidEngine] Attempting to include: page-hero.html
[LiquidEngine] Rendering include: page-hero.html
[LiquidEngine] Attempting to include: unified-hero.html
[LiquidEngine] Rendering include: unified-hero.html
[LiquidEngine] Attempting to include: footer.html
[LiquidEngine] Rendering include: footer.html
[LiquidEngine] Attempting to include: logo-main.html
[LiquidEngine] Rendering include: logo-main.html
[LiquidEngine] Attempting to include: social-links.html
[LiquidEngine] Rendering include: social-links.html
[LiquidEngine] Attempting to include: compliance-footer.html
[LiquidEngine] Rendering include: compliance-footer.html
[LiquidEngine] Attempting to include: compliance.html
[LiquidEngine] Rendering include: compliance.html
[LiquidEngine] Attempting to include: scripts.html
[LiquidEngine] Rendering include: scripts.html
[LiquidEngine] Attempting to include: schema-local-business.html
[LiquidEngine] Rendering include: schema-local-business.html
[Jekyll::Site] Writing output to: /workspace/Tillerstead-main/_site/plans/index.html
[Jekyll::Site] Final output for index.html:


  
    
      
        Property Maintenance Plans | Tillerstead LLC | Professional Tile & Stone Installation in South Jersey
      
    
    

















  








  



  





<link rel="icon" href="/assets/img/logo/ti
...
[LiquidEngine] Attempting to include: head.html
[LiquidEngine] Rendering include: head.html
[LiquidEngine] Attempting to include: ts-icon-sprite.html
[LiquidEngine] Rendering include: ts-icon-sprite.html
[LiquidEngine] Rendered head.html output:


















  








  



  





















  












  
  




















  














  
    
    
  
  
    
    
  
  
    
    
  
  
    
  
  
    
    
    
    
  
  
    
    
  
  
    
    
  
  
    
    
  
  
    
  


[LiquidEngine] Attempting to include: logo-sprite-inline.html
[LiquidEngine] Rendering include: logo-sprite-inline.html
[LiquidEngine] Attempting to include: header.html
[LiquidEngine] Rendering include: header.html
[LiquidEngine] Attempting to include: logo-main.html
[LiquidEngine] Rendering include: logo-main.html
[LiquidEngine] Attempting to include: social-links.html
[LiquidEngine] Rendering include: social-links.html
[LiquidEngine] Attempting to include: social-links.html
[LiquidEngine] Rendering include: social-links.html
[LiquidEngine] Attempting to include: ts-breadcrumbs.html
[LiquidEngine] Rendering include: ts-breadcrumbs.html
[LiquidEngine] Attempting to include: page-hero.html
[LiquidEngine] Rendering include: page-hero.html
[LiquidEngine] Attempting to include: unified-hero.html
[LiquidEngine] Rendering include: unified-hero.html
[LiquidEngine] Attempting to include: footer.html
[LiquidEngine] Rendering include: footer.html
[LiquidEngine] Attempting to include: logo-main.html
[LiquidEngine] Rendering include: logo-main.html
[LiquidEngine] Attempting to include: social-links.html
[LiquidEngine] Rendering include: social-links.html
[LiquidEngine] Attempting to include: compliance-footer.html
[LiquidEngine] Rendering include: compliance-footer.html
[LiquidEngine] Attempting to include: compliance.html
[LiquidEngine] Rendering include: compliance.html
[LiquidEngine] Attempting to include: scripts.html
[LiquidEngine] Rendering include: scripts.html
[LiquidEngine] Attempting to include: schema-local-business.html
[LiquidEngine] Rendering include: schema-local-business.html
[Jekyll::Site] Writing output to: /workspace/Tillerstead-main/_site/privacy/index.html
[Jekyll::Site] Final output for index.html:


  
    
      
        Privacy Policy | Tillerstead LLC | Professional Tile & Stone Installation in South Jersey
      
    
    

















  








  



  






<link rel="icon" typ
...
[LiquidEngine] Attempting to include: ts-process.html
[LiquidEngine] Rendering include: ts-process.html
[LiquidEngine] Attempting to include: head.html
[LiquidEngine] Rendering include: head.html
[LiquidEngine] Attempting to include: ts-icon-sprite.html
[LiquidEngine] Rendering include: ts-icon-sprite.html
[LiquidEngine] Rendered head.html output:


















  








  



  





















  












  
  




















  














  
    
    
  
  
    
    
  
  
    
    
  
  
    
  
  
    
    
    
    
  
  
    
    
  
  
    
    
  
  
    
    
  
  
    
  


[LiquidEngine] Attempting to include: logo-sprite-inline.html
[LiquidEngine] Rendering include: logo-sprite-inline.html
[LiquidEngine] Attempting to include: header.html
[LiquidEngine] Rendering include: header.html
[LiquidEngine] Attempting to include: logo-main.html
[LiquidEngine] Rendering include: logo-main.html
[LiquidEngine] Attempting to include: social-links.html
[LiquidEngine] Rendering include: social-links.html
[LiquidEngine] Attempting to include: social-links.html
[LiquidEngine] Rendering include: social-links.html
[LiquidEngine] Attempting to include: ts-breadcrumbs.html
[LiquidEngine] Rendering include: ts-breadcrumbs.html
[LiquidEngine] Attempting to include: page-hero.html
[LiquidEngine] Rendering include: page-hero.html
[LiquidEngine] Attempting to include: unified-hero.html
[LiquidEngine] Rendering include: unified-hero.html
[LiquidEngine] Attempting to include: footer.html
[LiquidEngine] Rendering include: footer.html
[LiquidEngine] Attempting to include: logo-main.html
[LiquidEngine] Rendering include: logo-main.html
[LiquidEngine] Attempting to include: social-links.html
[LiquidEngine] Rendering include: social-links.html
[LiquidEngine] Attempting to include: compliance-footer.html
[LiquidEngine] Rendering include: compliance-footer.html
[LiquidEngine] Attempting to include: compliance.html
[LiquidEngine] Rendering include: compliance.html
[LiquidEngine] Attempting to include: scripts.html
[LiquidEngine] Rendering include: scripts.html
[LiquidEngine] Attempting to include: schema-local-business.html
[LiquidEngine] Rendering include: schema-local-business.html
[Jekyll::Site] Writing output to: /workspace/Tillerstead-main/_site/process/index.html
[Jekyll::Site] Final output for index.html:


  
    
      
        Our Process | Tillerstead LLC | Professional Tile & Stone Installation in South Jersey
      
    
    

















  








  



  





<link rel="icon" href="/assets/img/logo/tillerstead-favicon.svg" type="image/svg+xml" si
...
[LiquidEngine] Attempting to include: ts-testimonials.html
[LiquidEngine] Rendering include: ts-testimonials.html
[LiquidEngine] Attempting to include: head.html
[LiquidEngine] Rendering include: head.html
[LiquidEngine] Attempting to include: ts-icon-sprite.html
[LiquidEngine] Rendering include: ts-icon-sprite.html
[LiquidEngine] Rendered head.html output:


















  








  



  





















  












  
  




















  














  
    
    
  
  
    
    
  
  
    
    
  
  
    
  
  
    
    
    
    
  
  
    
    
  
  
    
    
  
  
    
    
  
  
    
  


[LiquidEngine] Attempting to include: logo-sprite-inline.html
[LiquidEngine] Rendering include: logo-sprite-inline.html
[LiquidEngine] Attempting to include: header.html
[LiquidEngine] Rendering include: header.html
[LiquidEngine] Attempting to include: logo-main.html
[LiquidEngine] Rendering include: logo-main.html
[LiquidEngine] Attempting to include: social-links.html
[LiquidEngine] Rendering include: social-links.html
[LiquidEngine] Attempting to include: social-links.html
[LiquidEngine] Rendering include: social-links.html
[LiquidEngine] Attempting to include: ts-breadcrumbs.html
[LiquidEngine] Rendering include: ts-breadcrumbs.html
[LiquidEngine] Attempting to include: page-hero.html
[LiquidEngine] Rendering include: page-hero.html
[LiquidEngine] Attempting to include: unified-hero.html
[LiquidEngine] Rendering include: unified-hero.html
[LiquidEngine] Attempting to include: footer.html
[LiquidEngine] Rendering include: footer.html
[LiquidEngine] Attempting to include: logo-main.html
[LiquidEngine] Rendering include: logo-main.html
[LiquidEngine] Attempting to include: social-links.html
[LiquidEngine] Rendering include: social-links.html
[LiquidEngine] Attempting to include: compliance-footer.html
[LiquidEngine] Rendering include: compliance-footer.html
[LiquidEngine] Attempting to include: compliance.html
[LiquidEngine] Rendering include: compliance.html
[LiquidEngine] Attempting to include: scripts.html
[LiquidEngine] Rendering include: scripts.html
[LiquidEngine] Attempting to include: schema-local-business.html
[LiquidEngine] Rendering include: schema-local-business.html
[Jekyll::Site] Writing output to: /workspace/Tillerstead-main/_site/reviews/index.html
[Jekyll::Site] Final output for index.html:


  
    
      
        Reviews & Testimonials | Professional Tile & Stone Installation in South Jersey
      
    
    

















  








  



  






<link rel="icon" type="image/png" sizes="16x
...
[LiquidEngine] Attempting to include: head.html
[LiquidEngine] Rendering include: head.html
[LiquidEngine] Attempting to include: ts-icon-sprite.html
[LiquidEngine] Rendering include: ts-icon-sprite.html
[LiquidEngine] Rendered head.html output:


















  








  



  





















  












  
  




















  














  
    
    
  
  
    
    
  
  
    
    
  
  
    
  
  
    
    
    
    
  
  
    
    
  
  
    
    
  
  
    
    
  
  
    
  


[LiquidEngine] Attempting to include: logo-sprite-inline.html
[LiquidEngine] Rendering include: logo-sprite-inline.html
[LiquidEngine] Attempting to include: header.html
[LiquidEngine] Rendering include: header.html
[LiquidEngine] Attempting to include: logo-main.html
[LiquidEngine] Rendering include: logo-main.html
[LiquidEngine] Attempting to include: social-links.html
[LiquidEngine] Rendering include: social-links.html
[LiquidEngine] Attempting to include: social-links.html
[LiquidEngine] Rendering include: social-links.html
[LiquidEngine] Attempting to include: ts-breadcrumbs.html
[LiquidEngine] Rendering include: ts-breadcrumbs.html
[LiquidEngine] Attempting to include: page-hero.html
[LiquidEngine] Rendering include: page-hero.html
[LiquidEngine] Attempting to include: unified-hero.html
[LiquidEngine] Rendering include: unified-hero.html
[LiquidEngine] Attempting to include: footer.html
[LiquidEngine] Rendering include: footer.html
[LiquidEngine] Attempting to include: logo-main.html
[LiquidEngine] Rendering include: logo-main.html
[LiquidEngine] Attempting to include: social-links.html
[LiquidEngine] Rendering include: social-links.html
[LiquidEngine] Attempting to include: compliance-footer.html
[LiquidEngine] Rendering include: compliance-footer.html
[LiquidEngine] Attempting to include: compliance.html
[LiquidEngine] Rendering include: compliance.html
[LiquidEngine] Attempting to include: scripts.html
[LiquidEngine] Rendering include: scripts.html
[LiquidEngine] Attempting to include: schema-local-business.html
[LiquidEngine] Rendering include: schema-local-business.html
[Jekyll::Site] Writing output to: /workspace/Tillerstead-main/_site/reviews/index.html
[Jekyll::Site] Final output for index.html:


  
    
      
        Reviews and Testimonials | Professional Tile & Stone Installation in South Jersey
      
    
    

















  








  



  






<link rel="icon" type="image/png" sizes="16x16" href="
...
[LiquidEngine] Attempting to include: ts-services.html
[LiquidEngine] Rendering include: ts-services.html
[LiquidEngine] Attempting to include: head.html
[LiquidEngine] Rendering include: head.html
[LiquidEngine] Attempting to include: ts-icon-sprite.html
[LiquidEngine] Rendering include: ts-icon-sprite.html
[LiquidEngine] Rendered head.html output:


















  








  



  





















  












  
  




















  














  
    
    
  
  
    
    
  
  
    
    
  
  
    
  
  
    
    
    
    
  
  
    
    
  
  
    
    
  
  
    
    
  
  
    
  


[LiquidEngine] Attempting to include: logo-sprite-inline.html
[LiquidEngine] Rendering include: logo-sprite-inline.html
[LiquidEngine] Attempting to include: header.html
[LiquidEngine] Rendering include: header.html
[LiquidEngine] Attempting to include: logo-main.html
[LiquidEngine] Rendering include: logo-main.html
[LiquidEngine] Attempting to include: social-links.html
[LiquidEngine] Rendering include: social-links.html
[LiquidEngine] Attempting to include: social-links.html
[LiquidEngine] Rendering include: social-links.html
[LiquidEngine] Attempting to include: ts-breadcrumbs.html
[LiquidEngine] Rendering include: ts-breadcrumbs.html
[LiquidEngine] Attempting to include: page-hero.html
[LiquidEngine] Rendering include: page-hero.html
[LiquidEngine] Attempting to include: unified-hero.html
[LiquidEngine] Rendering include: unified-hero.html
[LiquidEngine] Attempting to include: footer.html
[LiquidEngine] Rendering include: footer.html
[LiquidEngine] Attempting to include: logo-main.html
[LiquidEngine] Rendering include: logo-main.html
[LiquidEngine] Attempting to include: social-links.html
[LiquidEngine] Rendering include: social-links.html
[LiquidEngine] Attempting to include: compliance-footer.html
[LiquidEngine] Rendering include: compliance-footer.html
[LiquidEngine] Attempting to include: compliance.html
[LiquidEngine] Rendering include: compliance.html
[LiquidEngine] Attempting to include: scripts.html
[LiquidEngine] Rendering include: scripts.html
[LiquidEngine] Attempting to include: schema-local-business.html
[LiquidEngine] Rendering include: schema-local-business.html
[Jekyll::Site] Writing output to: /workspace/Tillerstead-main/_site/services/index.html
[Jekyll::Site] Final output for index.html:


  
    
      
        Property Maintenance, Remodeling & Tile | South Jersey | Professional Tile & Stone Installation in South Jersey
      
    
    

















  








  



  






<link rel="icon" type="image/png" sizes="16x16" href="/assets/img/logo/tillerste
...
[LiquidEngine] Attempting to include: head.html
[LiquidEngine] Rendering include: head.html
[LiquidEngine] Attempting to include: ts-icon-sprite.html
[LiquidEngine] Rendering include: ts-icon-sprite.html
[LiquidEngine] Rendered head.html output:


















  








  



  





















  












  
  




















  














  
    
    
  
  
    
    
  
  
    
    
  
  
    
  
  
    
    
    
    
  
  
    
    
  
  
    
    
  
  
    
    
  
  
    
  


[LiquidEngine] Attempting to include: logo-sprite-inline.html
[LiquidEngine] Rendering include: logo-sprite-inline.html
[LiquidEngine] Attempting to include: header.html
[LiquidEngine] Rendering include: header.html
[LiquidEngine] Attempting to include: logo-main.html
[LiquidEngine] Rendering include: logo-main.html
[LiquidEngine] Attempting to include: social-links.html
[LiquidEngine] Rendering include: social-links.html
[LiquidEngine] Attempting to include: social-links.html
[LiquidEngine] Rendering include: social-links.html
[LiquidEngine] Attempting to include: ts-breadcrumbs.html
[LiquidEngine] Rendering include: ts-breadcrumbs.html
[LiquidEngine] Attempting to include: page-hero.html
[LiquidEngine] Rendering include: page-hero.html
[LiquidEngine] Attempting to include: unified-hero.html
[LiquidEngine] Rendering include: unified-hero.html
[LiquidEngine] Attempting to include: footer.html
[LiquidEngine] Rendering include: footer.html
[LiquidEngine] Attempting to include: logo-main.html
[LiquidEngine] Rendering include: logo-main.html
[LiquidEngine] Attempting to include: social-links.html
[LiquidEngine] Rendering include: social-links.html
[LiquidEngine] Attempting to include: compliance-footer.html
[LiquidEngine] Rendering include: compliance-footer.html
[LiquidEngine] Attempting to include: compliance.html
[LiquidEngine] Rendering include: compliance.html
[LiquidEngine] Attempting to include: scripts.html
[LiquidEngine] Rendering include: scripts.html
[LiquidEngine] Attempting to include: schema-local-business.html
[LiquidEngine] Rendering include: schema-local-business.html
[Jekyll::Site] Writing output to: /workspace/Tillerstead-main/_site/terms/index.html
[Jekyll::Site] Final output for index.html:


  
    
      
        Terms & Conditions | Professional Tile & Stone Installation in South Jersey
      
    
    

















  








  



  






<link rel="icon" type="image/png" sizes="16x16" href="/as
...
[LiquidEngine] Attempting to include: head.html
[LiquidEngine] Rendering include: head.html
[LiquidEngine] Attempting to include: ts-icon-sprite.html
[LiquidEngine] Rendering include: ts-icon-sprite.html
[LiquidEngine] Rendered head.html output:


















  








  



  





















  












  
  




















  














  
    
    
  
  
    
    
  
  
    
    
  
  
    
  
  
    
    
    
    
  
  
    
    
  
  
    
    
  
  
    
    
  
  
    
  


[LiquidEngine] Attempting to include: logo-sprite-inline.html
[LiquidEngine] Rendering include: logo-sprite-inline.html
[LiquidEngine] Attempting to include: header.html
[LiquidEngine] Rendering include: header.html
[LiquidEngine] Attempting to include: logo-main.html
[LiquidEngine] Rendering include: logo-main.html
[LiquidEngine] Attempting to include: social-links.html
[LiquidEngine] Rendering include: social-links.html
[LiquidEngine] Attempting to include: social-links.html
[LiquidEngine] Rendering include: social-links.html
[LiquidEngine] Attempting to include: ts-breadcrumbs.html
[LiquidEngine] Rendering include: ts-breadcrumbs.html
[LiquidEngine] Attempting to include: page-hero.html
[LiquidEngine] Rendering include: page-hero.html
[LiquidEngine] Attempting to include: unified-hero.html
[LiquidEngine] Rendering include: unified-hero.html
[LiquidEngine] Attempting to include: footer.html
[LiquidEngine] Rendering include: footer.html
[LiquidEngine] Attempting to include: logo-main.html
[LiquidEngine] Rendering include: logo-main.html
[LiquidEngine] Attempting to include: social-links.html
[LiquidEngine] Rendering include: social-links.html
[LiquidEngine] Attempting to include: compliance-footer.html
[LiquidEngine] Rendering include: compliance-footer.html
[LiquidEngine] Attempting to include: compliance.html
[LiquidEngine] Rendering include: compliance.html
[LiquidEngine] Attempting to include: scripts.html
[LiquidEngine] Rendering include: scripts.html
[LiquidEngine] Attempting to include: schema-local-business.html
[LiquidEngine] Rendering include: schema-local-business.html
[Jekyll::Site] Writing output to: /workspace/Tillerstead-main/_site/success/index.html
[Jekyll::Site] Final output for index.html:


  
    
      
        Thank You | Professional Tile & Stone Installation in South Jersey
      
    
    

















  








  



  





<link rel="
...
